<?xml version="1.0" encoding="UTF-8"?>
<!-- Generated by org.testng.reporters.JUnitXMLReporter -->
<testsuite ignored="0" hostname="USC-W-4MFTKW2" failures="0" tests="5" name="Test1" time="0.196" errors="0" timestamp="2022-01-26T22:23:49 EST">
  <testcase classname="com.baseclass.selenium.LoggerExample" name="testLoggerDebug" time="0.026"/>
  <testcase classname="com.baseclass.selenium.LoggerExample" name="testLoggerError" time="0.028"/>
  <testcase classname="com.baseclass.selenium.LoggerExample" name="testLoggerFatal" time="0.003"/>
  <testcase classname="com.baseclass.selenium.LoggerExample" name="testLoggerInfo" time="0.003"/>
  <testcase classname="com.baseclass.selenium.LoggerExample" name="testLoggerWarn" time="0.002"/>
</testsuite> <!-- Test1 -->
