<?xml version="1.0" encoding="UTF-8"?>
<!-- Generated by org.testng.reporters.JUnitXMLReporter -->
<testsuite ignored="0" hostname="USC-W-4MFTKW2" failures="0" tests="5" name="Test" time="0.052" errors="0" timestamp="2022-01-26T21:15:33 EST">
  <testcase classname="com.baseclass.selenium.LoggerExample" name="testLoggerDebug" time="0.007"/>
  <testcase classname="com.baseclass.selenium.LoggerExample" name="testLoggerError" time="0.008"/>
  <testcase classname="com.baseclass.selenium.LoggerExample" name="testLoggerFatal" time="0.001"/>
  <testcase classname="com.baseclass.selenium.LoggerExample" name="testLoggerInfo" time="0.0"/>
  <testcase classname="com.baseclass.selenium.LoggerExample" name="testLoggerWarn" time="0.001"/>
</testsuite> <!-- Test -->
