<?xml version="1.0" encoding="UTF-8"?>
<!-- Generated by org.testng.reporters.JUnitXMLReporter -->
<testsuite ignored="0" hostname="USC-W-4MFTKW2" failures="0" tests="4" name="Test2" time="5.556" errors="0" timestamp="2022-02-07T09:44:39 EST">
  <testcase classname="com.pom.example.TestGoogle" name="testGoogleTitle" time="0.012"/>
  <testcase classname="com.pom.example.TestGoogle" name="testGoogleTitleShortVersion" time="0.005"/>
  <testcase classname="com.pom.example.TestGoogle" name="testGmailLink" time="0.042"/>
  <testcase classname="com.pom.example.TestGoogle" name="testImagesLink" time="0.03"/>
</testsuite> <!-- Test2 -->
