<?xml version="1.0" encoding="UTF-8"?>
<testng-results ignored="0" total="2" passed="2" failed="0" skipped="0">
  <reporter-output>
  </reporter-output>
  <suite started-at="2022-02-07T18:37:54 EST" name="Default suite" finished-at="2022-02-07T18:37:54 EST" duration-ms="131">
    <groups>
    </groups>
    <test started-at="2022-02-07T18:37:54 EST" name="Default test" finished-at="2022-02-07T18:37:54 EST" duration-ms="131">
      <class name="com.baseclass.dataprovider.DataProviderTests">
        <test-method signature="testData(int, int, int)[pri:0, instance:com.baseclass.dataprovider.DataProviderTests@2beee7ff]" started-at="2022-02-07T18:37:54 EST" name="testData" data-provider="testdata" finished-at="2022-02-07T18:37:54 EST" duration-ms="14" status="PASS">
          <params>
            <param index="0">
              <value>
                <![CDATA[1]]>
              </value>
            </param>
            <param index="1">
              <value>
                <![CDATA[2]]>
              </value>
            </param>
            <param index="2">
              <value>
                <![CDATA[3]]>
              </value>
            </param>
          </params>
          <reporter-output>
          </reporter-output>
        </test-method> <!-- testData -->
        <test-method signature="testData(int, int, int)[pri:0, instance:com.baseclass.dataprovider.DataProviderTests@2beee7ff]" started-at="2022-02-07T18:37:54 EST" name="testData" data-provider="testdata" finished-at="2022-02-07T18:37:54 EST" duration-ms="2" status="PASS">
          <params>
            <param index="0">
              <value>
                <![CDATA[4]]>
              </value>
            </param>
            <param index="1">
              <value>
                <![CDATA[5]]>
              </value>
            </param>
            <param index="2">
              <value>
                <![CDATA[6]]>
              </value>
            </param>
          </params>
          <reporter-output>
          </reporter-output>
        </test-method> <!-- testData -->
        <test-method is-config="true" signature="tearDown()[pri:0, instance:com.baseclass.dataprovider.DataProviderTests@2beee7ff]" started-at="2022-02-07T18:37:54 EST" name="tearDown" finished-at="2022-02-07T18:37:54 EST" duration-ms="1" status="PASS">
          <reporter-output>
          </reporter-output>
        </test-method> <!-- tearDown -->
      </class> <!-- com.baseclass.dataprovider.DataProviderTests -->
    </test> <!-- Default test -->
  </suite> <!-- Default suite -->
</testng-results>
